# JRE version: Java(TM) SE Runtime Environment (8.0_191-b12) (build 1.8.0_191-b12)
# Java VM: Java HotSpot(TM) 64-Bit Server VM (25.191-b12 mixed mode bsd-amd64 compressed oops)
Heap:
 PSYoungGen      total 346624K, used 5168K [0x0000000795580000, 0x00000007ac280000, 0x00000007c0000000)
  eden space 340992K, 0% used [0x0000000795580000,0x0000000795580000,0x00000007aa280000)
  from space 5632K, 91% used [0x00000007aab00000,0x00000007ab00c050,0x00000007ab080000)
  to   space 16384K, 0% used [0x00000007ab280000,0x00000007ab280000,0x00000007ac280000)
 ParOldGen       total 121856K, used 29597K [0x0000000740000000, 0x0000000747700000, 0x0000000795580000)
  object space 121856K, 24% used [0x0000000740000000,0x0000000741ce74e0,0x0000000747700000)
 Metaspace       used 65403K, capacity 68484K, committed 68608K, reserved 1107968K
  class space    used 8626K, capacity 9166K, committed 9216K, reserved 1048576K
GC Heap History (10 events):
Event: 8.278 GC heap after
Heap after GC invocations=12 (full 2):
 PSYoungGen      total 289792K, used 12768K [0x0000000795580000, 0x00000007a8800000, 0x00000007c0000000)
  eden space 276992K, 0% used [0x0000000795580000,0x0000000795580000,0x00000007a6400000)
  from space 12800K, 99% used [0x00000007a7b80000,0x00000007a87f8388,0x00000007a8800000)
  to   space 14848K, 0% used [0x00000007a6b00000,0x00000007a6b00000,0x00000007a7980000)
 ParOldGen       total 81920K, used 15645K [0x0000000740000000, 0x0000000745000000, 0x0000000795580000)
  object space 81920K, 19% used [0x0000000740000000,0x0000000740f475e0,0x0000000745000000)
 Metaspace       used 44441K, capacity 46178K, committed 46592K, reserved 1089536K
  class space    used 5745K, capacity 6102K, committed 6144K, reserved 1048576K
}
Event: 11.149 GC heap before
{Heap before GC invocations=13 (full 2):
 PSYoungGen      total 289792K, used 238326K [0x0000000795580000, 0x00000007a8800000, 0x00000007c0000000)
  eden space 276992K, 81% used [0x0000000795580000,0x00000007a31c5560,0x00000007a6400000)
  from space 12800K, 99% used [0x00000007a7b80000,0x00000007a87f8388,0x00000007a8800000)
  to   space 14848K, 0% used [0x00000007a6b00000,0x00000007a6b00000,0x00000007a7980000)
 ParOldGen       total 81920K, used 15645K [0x0000000740000000, 0x0000000745000000, 0x0000000795580000)
  object space 81920K, 19% used [0x0000000740000000,0x0000000740f475e0,0x0000000745000000)
 Metaspace       used 56670K, capacity 58992K, committed 59028K, reserved 1099776K
  class space    used 7503K, capacity 7935K, committed 7936K, reserved 1048576K
Event: 11.175 GC heap after
Heap after GC invocations=13 (full 2):
 PSYoungGen      total 299008K, used 13259K [0x0000000795580000, 0x00000007ad000000, 0x00000007c0000000)
  eden space 284160K, 0% used [0x0000000795580000,0x0000000795580000,0x00000007a6b00000)
  from space 14848K, 89% used [0x00000007a6b00000,0x00000007a77f2ca0,0x00000007a7980000)
  to   space 16384K, 0% used [0x00000007ac000000,0x00000007ac000000,0x00000007ad000000)
 ParOldGen       total 81920K, used 20199K [0x0000000740000000, 0x0000000745000000, 0x0000000795580000)
  object space 81920K, 24% used [0x0000000740000000,0x00000007413b9c80,0x0000000745000000)
 Metaspace       used 56670K, capacity 58992K, committed 59028K, reserved 1099776K
  class space    used 7503K, capacity 7935K, committed 7936K, reserved 1048576K
}
Event: 11.175 GC heap before
{Heap before GC invocations=14 (full 3):
 PSYoungGen      total 299008K, used 13259K [0x0000000795580000, 0x00000007ad000000, 0x00000007c0000000)
  eden space 284160K, 0% used [0x0000000795580000,0x0000000795580000,0x00000007a6b00000)
  from space 14848K, 89% used [0x00000007a6b00000,0x00000007a77f2ca0,0x00000007a7980000)
  to   space 16384K, 0% used [0x00000007ac000000,0x00000007ac000000,0x00000007ad000000)
 ParOldGen       total 81920K, used 20199K [0x0000000740000000, 0x0000000745000000, 0x0000000795580000)
  object space 81920K, 24% used [0x0000000740000000,0x00000007413b9c80,0x0000000745000000)
 Metaspace       used 56670K, capacity 58992K, committed 59028K, reserved 1099776K
  class space    used 7503K, capacity 7935K, committed 7936K, reserved 1048576K
Event: 11.371 GC heap after
Heap after GC invocations=14 (full 3):
 PSYoungGen      total 299008K, used 0K [0x0000000795580000, 0x00000007ad000000, 0x00000007c0000000)
  eden space 284160K, 0% used [0x0000000795580000,0x0000000795580000,0x00000007a6b00000)
  from space 14848K, 0% used [0x00000007a6b00000,0x00000007a6b00000,0x00000007a7980000)
  to   space 16384K, 0% used [0x00000007ac000000,0x00000007ac000000,0x00000007ad000000)
 ParOldGen       total 121856K, used 29581K [0x0000000740000000, 0x0000000747700000, 0x0000000795580000)
  object space 121856K, 24% used [0x0000000740000000,0x0000000741ce34e0,0x0000000747700000)
 Metaspace       used 56670K, capacity 58992K, committed 59028K, reserved 1099776K
  class space    used 7503K, capacity 7935K, committed 7936K, reserved 1048576K
}
Event: 230.654 GC heap before
{Heap before GC invocations=15 (full 3):
 PSYoungGen      total 299008K, used 284160K [0x0000000795580000, 0x00000007ad000000, 0x00000007c0000000)
  eden space 284160K, 100% used [0x0000000795580000,0x00000007a6b00000,0x00000007a6b00000)
  from space 14848K, 0% used [0x00000007a6b00000,0x00000007a6b00000,0x00000007a7980000)
  to   space 16384K, 0% used [0x00000007ac000000,0x00000007ac000000,0x00000007ad000000)
 ParOldGen       total 121856K, used 29581K [0x0000000740000000, 0x0000000747700000, 0x0000000795580000)
  object space 121856K, 24% used [0x0000000740000000,0x0000000741ce34e0,0x0000000747700000)
 Metaspace       used 65249K, capacity 68296K, committed 68608K, reserved 1107968K
  class space    used 8610K, capacity 9153K, committed 9216K, reserved 1048576K
Event: 230.705 GC heap after
Heap after GC invocations=15 (full 3):
 PSYoungGen      total 352256K, used 10933K [0x0000000795580000, 0x00000007acb00000, 0x00000007c0000000)
  eden space 340992K, 0% used [0x0000000795580000,0x0000000795580000,0x00000007aa280000)
  from space 11264K, 97% used [0x00000007ac000000,0x00000007acaad658,0x00000007acb00000)
  to   space 16384K, 0% used [0x00000007aab00000,0x00000007aab00000,0x00000007abb00000)
 ParOldGen       total 121856K, used 29589K [0x0000000740000000, 0x0000000747700000, 0x0000000795580000)
  object space 121856K, 24% used [0x0000000740000000,0x0000000741ce54e0,0x0000000747700000)
 Metaspace       used 65249K, capacity 68296K, committed 68608K, reserved 1107968K
  class space    used 8610K, capacity 9153K, committed 9216K, reserved 1048576K
}
Event: 735.432 GC heap before
{Heap before GC invocations=16 (full 3):
 PSYoungGen      total 352256K, used 189927K [0x0000000795580000, 0x00000007acb00000, 0x00000007c0000000)
  eden space 340992K, 52% used [0x0000000795580000,0x00000007a044c7a0,0x00000007aa280000)
  from space 11264K, 97% used [0x00000007ac000000,0x00000007acaad658,0x00000007acb00000)
  to   space 16384K, 0% used [0x00000007aab00000,0x00000007aab00000,0x00000007abb00000)
 ParOldGen       total 121856K, used 29589K [0x0000000740000000, 0x0000000747700000, 0x0000000795580000)
  object space 121856K, 24% used [0x0000000740000000,0x0000000741ce54e0,0x0000000747700000)
 Metaspace       used 65403K, capacity 68484K, committed 68608K, reserved 1107968K
  class space    used 8626K, capacity 9166K, committed 9216K, reserved 1048576K
Event: 735.465 GC heap after
Heap after GC invocations=16 (full 3):
 PSYoungGen      total 346624K, used 5168K [0x0000000795580000, 0x00000007ac280000, 0x00000007c0000000)
  eden space 340992K, 0% used [0x0000000795580000,0x0000000795580000,0x00000007aa280000)
  from space 5632K, 91% used [0x00000007aab00000,0x00000007ab00c050,0x00000007ab080000)
  to   space 16384K, 0% used [0x00000007ab280000,0x00000007ab280000,0x00000007ac280000)
 ParOldGen       total 121856K, used 29597K [0x0000000740000000, 0x0000000747700000, 0x0000000795580000)
  object space 121856K, 24% used [0x0000000740000000,0x0000000741ce74e0,0x0000000747700000)
 Metaspace       used 65403K, capacity 68484K, committed 68608K, reserved 1107968K
  class space    used 8626K, capacity 9166K, committed 9216K, reserved 1048576K
}
Event: 735.465 GC heap before
{Heap before GC invocations=17 (full 4):
 PSYoungGen      total 346624K, used 5168K [0x0000000795580000, 0x00000007ac280000, 0x00000007c0000000)
  eden space 340992K, 0% used [0x0000000795580000,0x0000000795580000,0x00000007aa280000)
  from space 5632K, 91% used [0x00000007aab00000,0x00000007ab00c050,0x00000007ab080000)
  to   space 16384K, 0% used [0x00000007ab280000,0x00000007ab280000,0x00000007ac280000)
 ParOldGen       total 121856K, used 29597K [0x0000000740000000, 0x0000000747700000, 0x0000000795580000)
  object space 121856K, 24% used [0x0000000740000000,0x0000000741ce74e0,0x0000000747700000)
 Metaspace       used 65403K, capacity 68484K, committed 68608K, reserved 1107968K
  class space    used 8626K, capacity 9166K, committed 9216K, reserved 1048576K

